This file contains any messages produced by compilers while
running configure, to aid debugging if configure makes a mistake.

It was created by libbson configure 1.7.0, which was
generated by GNU Autoconf 2.69.  Invocation command line was

  $ ./configure --disable-option-checking --prefix=/home/syz/Downloads/c-install/debug --disable-automatic-init-and-cleanup --with-libbson=bundled --enable-ssl=openssl --enable-sasl=yes --enable-static --enable-debug --cache-file=/dev/null --srcdir=.

## --------- ##
## Platform. ##
## --------- ##

hostname = localhost.localdomain
uname -m = x86_64
uname -r = 3.10.0-514.el7.x86_64
uname -s = Linux
uname -v = #1 SMP Tue Nov 22 16:42:41 UTC 2016

/usr/bin/uname -p = x86_64
/bin/uname -X     = unknown

/bin/arch              = x86_64
/usr/bin/arch -k       = unknown
/usr/convex/getsysinfo = unknown
/usr/bin/hostinfo      = unknown
/bin/machine           = unknown
/usr/bin/oslevel       = unknown
/bin/universe          = unknown

PATH: /usr/local/bin
PATH: /usr/local/sbin
PATH: /usr/bin
PATH: /usr/sbin
PATH: /bin
PATH: /sbin
PATH: /home/syz/.local/bin
PATH: /home/syz/bin


## ----------- ##
## Core tests. ##
## ----------- ##

configure:2459: Current version (from VERSION_CURRENT file): 1.7.0
configure:2570: checking for gcc
configure:2586: found /usr/bin/gcc
configure:2597: result: gcc
configure:2826: checking for C compiler version
configure:2835: gcc --version >&5
gcc (GCC) 4.8.5 20150623 (Red Hat 4.8.5-11)
Copyright (C) 2015 Free Software Foundation, Inc.
This is free software; see the source for copying conditions.  There is NO
warranty; not even for MERCHANTABILITY or FITNESS FOR A PARTICULAR PURPOSE.

configure:2846: $? = 0
configure:2835: gcc -v >&5
Using built-in specs.
COLLECT_GCC=gcc
COLLECT_LTO_WRAPPER=/usr/libexec/gcc/x86_64-redhat-linux/4.8.5/lto-wrapper
Target: x86_64-redhat-linux
Configured with: ../configure --prefix=/usr --mandir=/usr/share/man --infodir=/usr/share/info --with-bugurl=http://bugzilla.redhat.com/bugzilla --enable-bootstrap --enable-shared --enable-threads=posix --enable-checking=release --with-system-zlib --enable-__cxa_atexit --disable-libunwind-exceptions --enable-gnu-unique-object --enable-linker-build-id --with-linker-hash-style=gnu --enable-languages=c,c++,objc,obj-c++,java,fortran,ada,go,lto --enable-plugin --enable-initfini-array --disable-libgcj --with-isl=/builddir/build/BUILD/gcc-4.8.5-20150702/obj-x86_64-redhat-linux/isl-install --with-cloog=/builddir/build/BUILD/gcc-4.8.5-20150702/obj-x86_64-redhat-linux/cloog-install --enable-gnu-indirect-function --with-tune=generic --with-arch_32=x86-64 --build=x86_64-redhat-linux
Thread model: posix
gcc version 4.8.5 20150623 (Red Hat 4.8.5-11) (GCC) 
configure:2846: $? = 0
configure:2835: gcc -V >&5
gcc: error: unrecognized command line option '-V'
gcc: fatal error: no input files
compilation terminated.
configure:2846: $? = 4
configure:2835: gcc -qversion >&5
gcc: error: unrecognized command line option '-qversion'
gcc: fatal error: no input files
compilation terminated.
configure:2846: $? = 4
configure:2866: checking whether the C compiler works
configure:2888: gcc    conftest.c  >&5
configure:2892: $? = 0
configure:2940: result: yes
configure:2943: checking for C compiler default output file name
configure:2945: result: a.out
configure:2951: checking for suffix of executables
configure:2958: gcc -o conftest    conftest.c  >&5
configure:2962: $? = 0
configure:2984: result: 
configure:3006: checking whether we are cross compiling
configure:3014: gcc -o conftest    conftest.c  >&5
configure:3018: $? = 0
configure:3025: ./conftest
configure:3029: $? = 0
configure:3044: result: no
configure:3049: checking for suffix of object files
configure:3071: gcc -c   conftest.c >&5
configure:3075: $? = 0
configure:3096: result: o
configure:3100: checking whether we are using the GNU C compiler
configure:3119: gcc -c   conftest.c >&5
configure:3119: $? = 0
configure:3128: result: yes
configure:3137: checking whether gcc accepts -g
configure:3157: gcc -c -g  conftest.c >&5
configure:3157: $? = 0
configure:3198: result: yes
configure:3215: checking for gcc option to accept ISO C89
configure:3278: gcc  -c   conftest.c >&5
configure:3278: $? = 0
configure:3291: result: none needed
configure:3319: checking whether gcc understands -c and -o together
configure:3341: gcc -c conftest.c -o conftest2.o
configure:3344: $? = 0
configure:3341: gcc -c conftest.c -o conftest2.o
configure:3344: $? = 0
configure:3356: result: yes
configure:3431: checking for g++
configure:3447: found /usr/bin/g++
configure:3458: result: g++
configure:3485: checking for C++ compiler version
configure:3494: g++ --version >&5
g++ (GCC) 4.8.5 20150623 (Red Hat 4.8.5-11)
Copyright (C) 2015 Free Software Foundation, Inc.
This is free software; see the source for copying conditions.  There is NO
warranty; not even for MERCHANTABILITY or FITNESS FOR A PARTICULAR PURPOSE.

configure:3505: $? = 0
configure:3494: g++ -v >&5
Using built-in specs.
COLLECT_GCC=g++
COLLECT_LTO_WRAPPER=/usr/libexec/gcc/x86_64-redhat-linux/4.8.5/lto-wrapper
Target: x86_64-redhat-linux
Configured with: ../configure --prefix=/usr --mandir=/usr/share/man --infodir=/usr/share/info --with-bugurl=http://bugzilla.redhat.com/bugzilla --enable-bootstrap --enable-shared --enable-threads=posix --enable-checking=release --with-system-zlib --enable-__cxa_atexit --disable-libunwind-exceptions --enable-gnu-unique-object --enable-linker-build-id --with-linker-hash-style=gnu --enable-languages=c,c++,objc,obj-c++,java,fortran,ada,go,lto --enable-plugin --enable-initfini-array --disable-libgcj --with-isl=/builddir/build/BUILD/gcc-4.8.5-20150702/obj-x86_64-redhat-linux/isl-install --with-cloog=/builddir/build/BUILD/gcc-4.8.5-20150702/obj-x86_64-redhat-linux/cloog-install --enable-gnu-indirect-function --with-tune=generic --with-arch_32=x86-64 --build=x86_64-redhat-linux
Thread model: posix
gcc version 4.8.5 20150623 (Red Hat 4.8.5-11) (GCC) 
configure:3505: $? = 0
configure:3494: g++ -V >&5
g++: error: unrecognized command line option '-V'
g++: fatal error: no input files
compilation terminated.
configure:3505: $? = 4
configure:3494: g++ -qversion >&5
g++: error: unrecognized command line option '-qversion'
g++: fatal error: no input files
compilation terminated.
configure:3505: $? = 4
configure:3509: checking whether we are using the GNU C++ compiler
configure:3528: g++ -c   conftest.cpp >&5
configure:3528: $? = 0
configure:3537: result: yes
configure:3546: checking whether g++ accepts -g
configure:3566: g++ -c -g  conftest.cpp >&5
configure:3566: $? = 0
configure:3607: result: yes
configure:3663: gcc -c   conftest.c >&5
configure:3663: $? = 0
configure:3691: gcc -c   conftest.c >&5
configure:3691: $? = 0
configure:3717: gcc -c   conftest.c >&5
configure:3717: $? = 0
configure:3736: gcc -c   conftest.c >&5
conftest.c:11:2: error: #error Not a supported Sun compiler
 #error Not a supported Sun compiler
  ^
configure:3736: $? = 1
configure: failed program was:
| /* confdefs.h */
| #define PACKAGE_NAME "libbson"
| #define PACKAGE_TARNAME "libbson"
| #define PACKAGE_VERSION "1.7.0"
| #define PACKAGE_STRING "libbson 1.7.0"
| #define PACKAGE_BUGREPORT "https://jira.mongodb.org/browse/CDRIVER"
| #define PACKAGE_URL ""
| /* end confdefs.h.  */
| 
| #if !(defined(__SUNPRO_C))
| #error Not a supported Sun compiler
| #endif
| 
| int
| main ()
| {
| 
|   ;
|   return 0;
| }
configure:3769: gcc -c   conftest.c >&5
configure:3769: $? = 0
configure:3777: checking for an ANSI C-conforming const
configure:3843: gcc -c   conftest.c >&5
configure:3843: $? = 0
configure:3850: result: yes
configure:3858: checking for inline
configure:3874: gcc -c   conftest.c >&5
configure:3874: $? = 0
configure:3882: result: inline
configure:3901: checking for typeof syntax and keyword spelling
configure:3932: gcc -c   conftest.c >&5
configure:3932: $? = 0
configure:3939: result: typeof
configure:3960: checking how to run the C preprocessor
configure:3991: gcc -E  conftest.c
configure:3991: $? = 0
configure:4005: gcc -E  conftest.c
conftest.c:10:28: fatal error: ac_nonexistent.h: No such file or directory
 #include <ac_nonexistent.h>
                            ^
compilation terminated.
configure:4005: $? = 1
configure: failed program was:
| /* confdefs.h */
| #define PACKAGE_NAME "libbson"
| #define PACKAGE_TARNAME "libbson"
| #define PACKAGE_VERSION "1.7.0"
| #define PACKAGE_STRING "libbson 1.7.0"
| #define PACKAGE_BUGREPORT "https://jira.mongodb.org/browse/CDRIVER"
| #define PACKAGE_URL ""
| #define HAVE_TYPEOF 1
| /* end confdefs.h.  */
| #include <ac_nonexistent.h>
configure:4030: result: gcc -E
configure:4050: gcc -E  conftest.c
configure:4050: $? = 0
configure:4064: gcc -E  conftest.c
conftest.c:10:28: fatal error: ac_nonexistent.h: No such file or directory
 #include <ac_nonexistent.h>
                            ^
compilation terminated.
configure:4064: $? = 1
configure: failed program was:
| /* confdefs.h */
| #define PACKAGE_NAME "libbson"
| #define PACKAGE_TARNAME "libbson"
| #define PACKAGE_VERSION "1.7.0"
| #define PACKAGE_STRING "libbson 1.7.0"
| #define PACKAGE_BUGREPORT "https://jira.mongodb.org/browse/CDRIVER"
| #define PACKAGE_URL ""
| #define HAVE_TYPEOF 1
| /* end confdefs.h.  */
| #include <ac_nonexistent.h>
configure:4093: checking for grep that handles long lines and -e
configure:4151: result: /usr/bin/grep
configure:4156: checking for egrep
configure:4218: result: /usr/bin/grep -E
configure:4223: checking for ANSI C header files
configure:4243: gcc -c   conftest.c >&5
configure:4243: $? = 0
configure:4316: gcc -o conftest    conftest.c  >&5
configure:4316: $? = 0
configure:4316: ./conftest
configure:4316: $? = 0
configure:4327: result: yes
configure:4340: checking for sys/types.h
configure:4340: gcc -c   conftest.c >&5
configure:4340: $? = 0
configure:4340: result: yes
configure:4340: checking for sys/stat.h
configure:4340: gcc -c   conftest.c >&5
configure:4340: $? = 0
configure:4340: result: yes
configure:4340: checking for stdlib.h
configure:4340: gcc -c   conftest.c >&5
configure:4340: $? = 0
configure:4340: result: yes
configure:4340: checking for string.h
configure:4340: gcc -c   conftest.c >&5
configure:4340: $? = 0
configure:4340: result: yes
configure:4340: checking for memory.h
configure:4340: gcc -c   conftest.c >&5
configure:4340: $? = 0
configure:4340: result: yes
configure:4340: checking for strings.h
configure:4340: gcc -c   conftest.c >&5
configure:4340: $? = 0
configure:4340: result: yes
configure:4340: checking for inttypes.h
configure:4340: gcc -c   conftest.c >&5
configure:4340: $? = 0
configure:4340: result: yes
configure:4340: checking for stdint.h
configure:4340: gcc -c   conftest.c >&5
configure:4340: $? = 0
configure:4340: result: yes
configure:4340: checking for unistd.h
configure:4340: gcc -c   conftest.c >&5
configure:4340: $? = 0
configure:4340: result: yes
configure:4352: checking for stdbool.h that conforms to C99
configure:4419: gcc -c   conftest.c >&5
configure:4419: $? = 0
configure:4426: result: yes
configure:4428: checking for _Bool
configure:4428: gcc -c   conftest.c >&5
configure:4428: $? = 0
configure:4428: gcc -c   conftest.c >&5
conftest.c: In function 'main':
conftest.c:56:20: error: expected expression before ')' token
 if (sizeof ((_Bool)))
                    ^
configure:4428: $? = 1
configure: failed program was:
| /* confdefs.h */
| #define PACKAGE_NAME "libbson"
| #define PACKAGE_TARNAME "libbson"
| #define PACKAGE_VERSION "1.7.0"
| #define PACKAGE_STRING "libbson 1.7.0"
| #define PACKAGE_BUGREPORT "https://jira.mongodb.org/browse/CDRIVER"
| #define PACKAGE_URL ""
| #define HAVE_TYPEOF 1
| #define STDC_HEADERS 1
| #define HAVE_SYS_TYPES_H 1
| #define HAVE_SYS_STAT_H 1
| #define HAVE_STDLIB_H 1
| #define HAVE_STRING_H 1
| #define HAVE_MEMORY_H 1
| #define HAVE_STRINGS_H 1
| #define HAVE_INTTYPES_H 1
| #define HAVE_STDINT_H 1
| #define HAVE_UNISTD_H 1
| /* end confdefs.h.  */
| #include <stdio.h>
| #ifdef HAVE_SYS_TYPES_H
| # include <sys/types.h>
| #endif
| #ifdef HAVE_SYS_STAT_H
| # include <sys/stat.h>
| #endif
| #ifdef STDC_HEADERS
| # include <stdlib.h>
| # include <stddef.h>
| #else
| # ifdef HAVE_STDLIB_H
| #  include <stdlib.h>
| # endif
| #endif
| #ifdef HAVE_STRING_H
| # if !defined STDC_HEADERS && defined HAVE_MEMORY_H
| #  include <memory.h>
| # endif
| # include <string.h>
| #endif
| #ifdef HAVE_STRINGS_H
| # include <strings.h>
| #endif
| #ifdef HAVE_INTTYPES_H
| # include <inttypes.h>
| #endif
| #ifdef HAVE_STDINT_H
| # include <stdint.h>
| #endif
| #ifdef HAVE_UNISTD_H
| # include <unistd.h>
| #endif
| int
| main ()
| {
| if (sizeof ((_Bool)))
| 	    return 0;
|   ;
|   return 0;
| }
configure:4428: result: yes
configure:4453: checking for stdint-types....
configure:4463: result: "(putting them into src/bson/bson-stdint.h)"
configure:4477: checking for uintptr_t
configure:4477: gcc -c   conftest.c >&5
configure:4477: $? = 0
configure:4477: gcc -c   conftest.c >&5
conftest.c: In function 'main':
conftest.c:27:24: error: expected expression before ')' token
 if (sizeof ((uintptr_t)))
                        ^
configure:4477: $? = 1
configure: failed program was:
| /* confdefs.h */
| #define PACKAGE_NAME "libbson"
| #define PACKAGE_TARNAME "libbson"
| #define PACKAGE_VERSION "1.7.0"
| #define PACKAGE_STRING "libbson 1.7.0"
| #define PACKAGE_BUGREPORT "https://jira.mongodb.org/browse/CDRIVER"
| #define PACKAGE_URL ""
| #define HAVE_TYPEOF 1
| #define STDC_HEADERS 1
| #define HAVE_SYS_TYPES_H 1
| #define HAVE_SYS_STAT_H 1
| #define HAVE_STDLIB_H 1
| #define HAVE_STRING_H 1
| #define HAVE_MEMORY_H 1
| #define HAVE_STRINGS_H 1
| #define HAVE_INTTYPES_H 1
| #define HAVE_STDINT_H 1
| #define HAVE_UNISTD_H 1
| #define HAVE__BOOL 1
| #define HAVE_STDBOOL_H 1
| /* end confdefs.h.  */
| #include <stdint.h>
| 
| int
| main ()
| {
| if (sizeof ((uintptr_t)))
| 	    return 0;
|   ;
|   return 0;
| }
configure:4477: result: yes
configure:4485: checking for uint64_t
configure:4485: gcc -c   conftest.c >&5
configure:4485: $? = 0
configure:4485: gcc -c   conftest.c >&5
conftest.c: In function 'main':
conftest.c:27:23: error: expected expression before ')' token
 if (sizeof ((uint64_t)))
                       ^
configure:4485: $? = 1
configure: failed program was:
| /* confdefs.h */
| #define PACKAGE_NAME "libbson"
| #define PACKAGE_TARNAME "libbson"
| #define PACKAGE_VERSION "1.7.0"
| #define PACKAGE_STRING "libbson 1.7.0"
| #define PACKAGE_BUGREPORT "https://jira.mongodb.org/browse/CDRIVER"
| #define PACKAGE_URL ""
| #define HAVE_TYPEOF 1
| #define STDC_HEADERS 1
| #define HAVE_SYS_TYPES_H 1
| #define HAVE_SYS_STAT_H 1
| #define HAVE_STDLIB_H 1
| #define HAVE_STRING_H 1
| #define HAVE_MEMORY_H 1
| #define HAVE_STRINGS_H 1
| #define HAVE_INTTYPES_H 1
| #define HAVE_STDINT_H 1
| #define HAVE_UNISTD_H 1
| #define HAVE__BOOL 1
| #define HAVE_STDBOOL_H 1
| /* end confdefs.h.  */
| #include<stdint.h>
| 
| int
| main ()
| {
| if (sizeof ((uint64_t)))
| 	    return 0;
|   ;
|   return 0;
| }
configure:4485: result: yes
configure:4493: result: ... seen our uintptr_t in stdint.h (uint64_t too)
configure:4758: result: creating src/bson/bson-stdint.h : _SRC_BSON_BSON_STDINT_H
configure:4785: checking for int_least32_t
configure:4785: gcc -c   conftest.c >&5
configure:4785: $? = 0
configure:4785: gcc -c   conftest.c >&5
conftest.c: In function 'main':
conftest.c:27:28: error: expected expression before ')' token
 if (sizeof ((int_least32_t)))
                            ^
configure:4785: $? = 1
configure: failed program was:
| /* confdefs.h */
| #define PACKAGE_NAME "libbson"
| #define PACKAGE_TARNAME "libbson"
| #define PACKAGE_VERSION "1.7.0"
| #define PACKAGE_STRING "libbson 1.7.0"
| #define PACKAGE_BUGREPORT "https://jira.mongodb.org/browse/CDRIVER"
| #define PACKAGE_URL ""
| #define HAVE_TYPEOF 1
| #define STDC_HEADERS 1
| #define HAVE_SYS_TYPES_H 1
| #define HAVE_SYS_STAT_H 1
| #define HAVE_STDLIB_H 1
| #define HAVE_STRING_H 1
| #define HAVE_MEMORY_H 1
| #define HAVE_STRINGS_H 1
| #define HAVE_INTTYPES_H 1
| #define HAVE_STDINT_H 1
| #define HAVE_UNISTD_H 1
| #define HAVE__BOOL 1
| #define HAVE_STDBOOL_H 1
| /* end confdefs.h.  */
| #include <stdint.h>
| 
| int
| main ()
| {
| if (sizeof ((int_least32_t)))
| 	    return 0;
|   ;
|   return 0;
| }
configure:4785: result: yes
configure:4791: checking for int_fast32_t
configure:4791: gcc -c   conftest.c >&5
configure:4791: $? = 0
configure:4791: gcc -c   conftest.c >&5
conftest.c: In function 'main':
conftest.c:27:27: error: expected expression before ')' token
 if (sizeof ((int_fast32_t)))
                           ^
configure:4791: $? = 1
configure: failed program was:
| /* confdefs.h */
| #define PACKAGE_NAME "libbson"
| #define PACKAGE_TARNAME "libbson"
| #define PACKAGE_VERSION "1.7.0"
| #define PACKAGE_STRING "libbson 1.7.0"
| #define PACKAGE_BUGREPORT "https://jira.mongodb.org/browse/CDRIVER"
| #define PACKAGE_URL ""
| #define HAVE_TYPEOF 1
| #define STDC_HEADERS 1
| #define HAVE_SYS_TYPES_H 1
| #define HAVE_SYS_STAT_H 1
| #define HAVE_STDLIB_H 1
| #define HAVE_STRING_H 1
| #define HAVE_MEMORY_H 1
| #define HAVE_STRINGS_H 1
| #define HAVE_INTTYPES_H 1
| #define HAVE_STDINT_H 1
| #define HAVE_UNISTD_H 1
| #define HAVE__BOOL 1
| #define HAVE_STDBOOL_H 1
| /* end confdefs.h.  */
| #include<stdint.h>
| 
| int
| main ()
| {
| if (sizeof ((int_fast32_t)))
| 	    return 0;
|   ;
|   return 0;
| }
configure:4791: result: yes
configure:4804: result: ..adding include stdint.h
configure:4814: result: ... seen good stdint.h inttypes
configure:4950: result: ... seen good uint64_t
configure:5170: result: ... DONE src/bson/bson-stdint.h
configure:5186: checking for strings.h
configure:5186: result: yes
configure:5203: checking for perl
configure:5221: found /usr/bin/perl
configure:5233: result: /usr/bin/perl
configure:5247: checking for mv
configure:5265: found /usr/bin/mv
configure:5277: result: /usr/bin/mv
configure:5291: checking for grep
configure:5321: result: /usr/bin/grep
configure:5336: checking for sphinx-build
configure:5369: result: no
configure:5389: checking for a BSD-compatible install
configure:5457: result: /usr/bin/install -c
configure:5473: checking build system type
configure:5487: result: x86_64-pc-linux-gnu
configure:5507: checking host system type
configure:5520: result: x86_64-pc-linux-gnu
configure:5586: checking target system type
configure:5599: result: x86_64-pc-linux-gnu
configure:5658: checking whether byte ordering is bigendian
configure:5673: gcc -c   conftest.c >&5
conftest.c:24:9: error: unknown type name 'not'
         not a universal capable compiler
         ^
conftest.c:24:15: error: expected '=', ',', ';', 'asm' or '__attribute__' before 'universal'
         not a universal capable compiler
               ^
conftest.c:24:15: error: unknown type name 'universal'
configure:5673: $? = 1
configure: failed program was:
| /* confdefs.h */
| #define PACKAGE_NAME "libbson"
| #define PACKAGE_TARNAME "libbson"
| #define PACKAGE_VERSION "1.7.0"
| #define PACKAGE_STRING "libbson 1.7.0"
| #define PACKAGE_BUGREPORT "https://jira.mongodb.org/browse/CDRIVER"
| #define PACKAGE_URL ""
| #define HAVE_TYPEOF 1
| #define STDC_HEADERS 1
| #define HAVE_SYS_TYPES_H 1
| #define HAVE_SYS_STAT_H 1
| #define HAVE_STDLIB_H 1
| #define HAVE_STRING_H 1
| #define HAVE_MEMORY_H 1
| #define HAVE_STRINGS_H 1
| #define HAVE_INTTYPES_H 1
| #define HAVE_STDINT_H 1
| #define HAVE_UNISTD_H 1
| #define HAVE__BOOL 1
| #define HAVE_STDBOOL_H 1
| #define HAVE_STRINGS_H 1
| /* end confdefs.h.  */
| #ifndef __APPLE_CC__
| 	       not a universal capable compiler
| 	     #endif
| 	     typedef int dummy;
| 
configure:5718: gcc -c   conftest.c >&5
configure:5718: $? = 0
configure:5736: gcc -c   conftest.c >&5
conftest.c: In function 'main':
conftest.c:30:4: error: unknown type name 'not'
    not big endian
    ^
conftest.c:30:12: error: expected '=', ',', ';', 'asm' or '__attribute__' before 'endian'
    not big endian
            ^
configure:5736: $? = 1
configure: failed program was:
| /* confdefs.h */
| #define PACKAGE_NAME "libbson"
| #define PACKAGE_TARNAME "libbson"
| #define PACKAGE_VERSION "1.7.0"
| #define PACKAGE_STRING "libbson 1.7.0"
| #define PACKAGE_BUGREPORT "https://jira.mongodb.org/browse/CDRIVER"
| #define PACKAGE_URL ""
| #define HAVE_TYPEOF 1
| #define STDC_HEADERS 1
| #define HAVE_SYS_TYPES_H 1
| #define HAVE_SYS_STAT_H 1
| #define HAVE_STDLIB_H 1
| #define HAVE_STRING_H 1
| #define HAVE_MEMORY_H 1
| #define HAVE_STRINGS_H 1
| #define HAVE_INTTYPES_H 1
| #define HAVE_STDINT_H 1
| #define HAVE_UNISTD_H 1
| #define HAVE__BOOL 1
| #define HAVE_STDBOOL_H 1
| #define HAVE_STRINGS_H 1
| /* end confdefs.h.  */
| #include <sys/types.h>
| 		#include <sys/param.h>
| 
| int
| main ()
| {
| #if BYTE_ORDER != BIG_ENDIAN
| 		 not big endian
| 		#endif
| 
|   ;
|   return 0;
| }
configure:5864: result: no
configure:6273: checking how to print strings
configure:6300: result: printf
configure:6321: checking for a sed that does not truncate output
configure:6385: result: /usr/bin/sed
configure:6403: checking for fgrep
configure:6465: result: /usr/bin/grep -F
configure:6500: checking for ld used by gcc
configure:6567: result: /usr/bin/ld
configure:6574: checking if the linker (/usr/bin/ld) is GNU ld
configure:6589: result: yes
configure:6601: checking for BSD- or MS-compatible name lister (nm)
configure:6655: result: /usr/bin/nm -B
configure:6785: checking the name lister (/usr/bin/nm -B) interface
configure:6792: gcc -c   conftest.c >&5
configure:6795: /usr/bin/nm -B "conftest.o"
configure:6798: output
0000000000000000 B some_variable
configure:6805: result: BSD nm
configure:6808: checking whether ln -s works
configure:6812: result: yes
configure:6820: checking the maximum length of command line arguments
configure:6951: result: 1572864
configure:6999: checking how to convert x86_64-pc-linux-gnu file names to x86_64-pc-linux-gnu format
configure:7039: result: func_convert_file_noop
configure:7046: checking how to convert x86_64-pc-linux-gnu file names to toolchain format
configure:7066: result: func_convert_file_noop
configure:7073: checking for /usr/bin/ld option to reload object files
configure:7080: result: -r
configure:7154: checking for objdump
configure:7181: result: objdump
configure:7210: checking how to recognize dependent libraries
configure:7410: result: pass_all
configure:7495: checking for dlltool
configure:7522: result: dlltool
configure:7552: checking how to associate runtime and link libraries
configure:7579: result: printf %s\n
configure:7639: checking for ar
configure:7655: found /usr/bin/ar
configure:7666: result: ar
configure:7703: checking for archiver @FILE support
configure:7720: gcc -c   conftest.c >&5
configure:7720: $? = 0
configure:7723: ar cru libconftest.a @conftest.lst >&5
configure:7726: $? = 0
configure:7731: ar cru libconftest.a @conftest.lst >&5
ar: conftest.o: No such file or directory
configure:7734: $? = 1
configure:7746: result: @
configure:7804: checking for strip
configure:7820: found /usr/bin/strip
configure:7831: result: strip
configure:7903: checking for ranlib
configure:7919: found /usr/bin/ranlib
configure:7930: result: ranlib
configure:8007: checking for gawk
configure:8023: found /usr/bin/gawk
configure:8034: result: gawk
configure:8074: checking command to parse /usr/bin/nm -B output from gcc object
configure:8227: gcc -c   conftest.c >&5
configure:8230: $? = 0
configure:8234: /usr/bin/nm -B conftest.o \| sed -n -e 's/^.*[ ]\([ABCDGIRSTW][ABCDGIRSTW]*\)[ ][ ]*\([_A-Za-z][_A-Za-z0-9]*\)$/\1 \2 \2/p' | sed '/ __gnu_lto/d' \> conftest.nm
configure:8237: $? = 0
configure:8303: gcc -o conftest    conftest.c conftstm.o >&5
configure:8306: $? = 0
configure:8344: result: ok
configure:8391: checking for sysroot
configure:8421: result: no
configure:8428: checking for a working dd
configure:8466: result: /usr/bin/dd
configure:8470: checking how to truncate binary pipes
configure:8485: result: /usr/bin/dd bs=4096 count=1
configure:8621: gcc -c   conftest.c >&5
configure:8624: $? = 0
configure:8814: checking for mt
configure:8844: result: no
configure:8864: checking if : is a manifest tool
configure:8870: : '-?'
configure:8878: result: no
configure:9552: checking for dlfcn.h
configure:9552: gcc -c   conftest.c >&5
configure:9552: $? = 0
configure:9552: result: yes
configure:9787: checking for objdir
configure:9802: result: .libs
configure:10066: checking if gcc supports -fno-rtti -fno-exceptions
configure:10084: gcc -c   -fno-rtti -fno-exceptions conftest.c >&5
cc1: warning: command line option '-fno-rtti' is valid for C++/ObjC++ but not for C [enabled by default]
configure:10088: $? = 0
configure:10101: result: no
configure:10459: checking for gcc option to produce PIC
configure:10466: result: -fPIC -DPIC
configure:10474: checking if gcc PIC flag -fPIC -DPIC works
configure:10492: gcc -c   -fPIC -DPIC -DPIC conftest.c >&5
configure:10496: $? = 0
configure:10509: result: yes
configure:10538: checking if gcc static flag -static works
configure:10566: result: no
configure:10581: checking if gcc supports -c -o file.o
configure:10602: gcc -c   -o out/conftest2.o conftest.c >&5
configure:10606: $? = 0
configure:10628: result: yes
configure:10636: checking if gcc supports -c -o file.o
configure:10683: result: yes
configure:10716: checking whether the gcc linker (/usr/bin/ld -m elf_x86_64) supports shared libraries
configure:11979: result: yes
configure:12016: checking whether -lc should be explicitly linked in
configure:12024: gcc -c   conftest.c >&5
configure:12027: $? = 0
configure:12042: gcc -shared  -fPIC -DPIC conftest.o  -v -Wl,-soname -Wl,conftest -o conftest 2\>\&1 \| /usr/bin/grep  -lc  \>/dev/null 2\>\&1
configure:12045: $? = 0
configure:12059: result: no
configure:12219: checking dynamic linker characteristics
configure:12800: gcc -o conftest    -Wl,-rpath -Wl,/foo conftest.c  >&5
configure:12800: $? = 0
configure:13049: result: GNU/Linux ld.so
configure:13171: checking how to hardcode library paths into programs
configure:13196: result: immediate
configure:13744: checking whether stripping libraries is possible
configure:13749: result: yes
configure:13784: checking if libtool supports shared libraries
configure:13786: result: yes
configure:13789: checking whether to build shared libraries
configure:13814: result: yes
configure:13817: checking whether to build static libraries
configure:13821: result: yes
configure:13844: checking how to run the C++ preprocessor
configure:13871: g++ -E  conftest.cpp
configure:13871: $? = 0
configure:13885: g++ -E  conftest.cpp
conftest.cpp:25:28: fatal error: ac_nonexistent.h: No such file or directory
 #include <ac_nonexistent.h>
                            ^
compilation terminated.
configure:13885: $? = 1
configure: failed program was:
| /* confdefs.h */
| #define PACKAGE_NAME "libbson"
| #define PACKAGE_TARNAME "libbson"
| #define PACKAGE_VERSION "1.7.0"
| #define PACKAGE_STRING "libbson 1.7.0"
| #define PACKAGE_BUGREPORT "https://jira.mongodb.org/browse/CDRIVER"
| #define PACKAGE_URL ""
| #define HAVE_TYPEOF 1
| #define STDC_HEADERS 1
| #define HAVE_SYS_TYPES_H 1
| #define HAVE_SYS_STAT_H 1
| #define HAVE_STDLIB_H 1
| #define HAVE_STRING_H 1
| #define HAVE_MEMORY_H 1
| #define HAVE_STRINGS_H 1
| #define HAVE_INTTYPES_H 1
| #define HAVE_STDINT_H 1
| #define HAVE_UNISTD_H 1
| #define HAVE__BOOL 1
| #define HAVE_STDBOOL_H 1
| #define HAVE_STRINGS_H 1
| #define HAVE_DLFCN_H 1
| #define LT_OBJDIR ".libs/"
| /* end confdefs.h.  */
| #include <ac_nonexistent.h>
configure:13910: result: g++ -E
configure:13930: g++ -E  conftest.cpp
configure:13930: $? = 0
configure:13944: g++ -E  conftest.cpp
conftest.cpp:25:28: fatal error: ac_nonexistent.h: No such file or directory
 #include <ac_nonexistent.h>
                            ^
compilation terminated.
configure:13944: $? = 1
configure: failed program was:
| /* confdefs.h */
| #define PACKAGE_NAME "libbson"
| #define PACKAGE_TARNAME "libbson"
| #define PACKAGE_VERSION "1.7.0"
| #define PACKAGE_STRING "libbson 1.7.0"
| #define PACKAGE_BUGREPORT "https://jira.mongodb.org/browse/CDRIVER"
| #define PACKAGE_URL ""
| #define HAVE_TYPEOF 1
| #define STDC_HEADERS 1
| #define HAVE_SYS_TYPES_H 1
| #define HAVE_SYS_STAT_H 1
| #define HAVE_STDLIB_H 1
| #define HAVE_STRING_H 1
| #define HAVE_MEMORY_H 1
| #define HAVE_STRINGS_H 1
| #define HAVE_INTTYPES_H 1
| #define HAVE_STDINT_H 1
| #define HAVE_UNISTD_H 1
| #define HAVE__BOOL 1
| #define HAVE_STDBOOL_H 1
| #define HAVE_STRINGS_H 1
| #define HAVE_DLFCN_H 1
| #define LT_OBJDIR ".libs/"
| /* end confdefs.h.  */
| #include <ac_nonexistent.h>
configure:14106: checking for ld used by g++
configure:14173: result: /usr/bin/ld -m elf_x86_64
configure:14180: checking if the linker (/usr/bin/ld -m elf_x86_64) is GNU ld
configure:14195: result: yes
configure:14250: checking whether the g++ linker (/usr/bin/ld -m elf_x86_64) supports shared libraries
configure:15323: result: yes
configure:15359: g++ -c   conftest.cpp >&5
configure:15362: $? = 0
configure:15843: checking for g++ option to produce PIC
configure:15850: result: -fPIC -DPIC
configure:15858: checking if g++ PIC flag -fPIC -DPIC works
configure:15876: g++ -c   -fPIC -DPIC -DPIC conftest.cpp >&5
configure:15880: $? = 0
configure:15893: result: yes
configure:15916: checking if g++ static flag -static works
configure:15944: result: no
configure:15956: checking if g++ supports -c -o file.o
configure:15977: g++ -c   -o out/conftest2.o conftest.cpp >&5
configure:15981: $? = 0
configure:16003: result: yes
configure:16008: checking if g++ supports -c -o file.o
configure:16055: result: yes
configure:16085: checking whether the g++ linker (/usr/bin/ld -m elf_x86_64) supports shared libraries
configure:16128: result: yes
configure:16269: checking dynamic linker characteristics
configure:17026: result: GNU/Linux ld.so
configure:17091: checking how to hardcode library paths into programs
configure:17116: result: immediate
configure:17180: checking whether to do a debug build
configure:17189: result: yes
configure:17192: checking whether to enable optimized builds
configure:17207: result: no
configure:17210: checking whether to enable extra alignment of types
configure:17219: result: yes
configure:17238: checking whether to enable code coverage support
configure:17247: result: no
configure:17250: checking whether to enable debug symbols
configure:17271: result: yes
configure:17319: checking for strnlen
configure:17338: gcc -c   conftest.c >&5
conftest.c:27:5: error: conflicting types for 'strnlen'
 int strnlen () { return 0; }
     ^
In file included from conftest.c:26:0:
/usr/include/string.h:402:15: note: previous declaration of 'strnlen' was here
 extern size_t strnlen (const char *__string, size_t __maxlen)
               ^
configure:17338: $? = 1
configure: failed program was:
| /* confdefs.h */
| #define PACKAGE_NAME "libbson"
| #define PACKAGE_TARNAME "libbson"
| #define PACKAGE_VERSION "1.7.0"
| #define PACKAGE_STRING "libbson 1.7.0"
| #define PACKAGE_BUGREPORT "https://jira.mongodb.org/browse/CDRIVER"
| #define PACKAGE_URL ""
| #define HAVE_TYPEOF 1
| #define STDC_HEADERS 1
| #define HAVE_SYS_TYPES_H 1
| #define HAVE_SYS_STAT_H 1
| #define HAVE_STDLIB_H 1
| #define HAVE_STRING_H 1
| #define HAVE_MEMORY_H 1
| #define HAVE_STRINGS_H 1
| #define HAVE_INTTYPES_H 1
| #define HAVE_STDINT_H 1
| #define HAVE_UNISTD_H 1
| #define HAVE__BOOL 1
| #define HAVE_STDBOOL_H 1
| #define HAVE_STRINGS_H 1
| #define HAVE_DLFCN_H 1
| #define LT_OBJDIR ".libs/"
| /* end confdefs.h.  */
| 
| #include <string.h>
| int strnlen () { return 0; }
| 
| int
| main ()
| {
| 
|   ;
|   return 0;
| }
configure:17345: result: yes
configure:17355: checking for reallocf
configure:17374: gcc -c   conftest.c >&5
configure:17374: $? = 0
configure:17381: result: no
configure:17391: checking for syscall
configure:17411: gcc -c   conftest.c >&5
conftest.c:28:5: error: conflicting types for 'syscall'
 int syscall () { return 0; }
     ^
In file included from conftest.c:26:0:
/usr/include/unistd.h:1080:17: note: previous declaration of 'syscall' was here
 extern long int syscall (long int __sysno, ...) __THROW;
                 ^
configure:17411: $? = 1
configure: failed program was:
| /* confdefs.h */
| #define PACKAGE_NAME "libbson"
| #define PACKAGE_TARNAME "libbson"
| #define PACKAGE_VERSION "1.7.0"
| #define PACKAGE_STRING "libbson 1.7.0"
| #define PACKAGE_BUGREPORT "https://jira.mongodb.org/browse/CDRIVER"
| #define PACKAGE_URL ""
| #define HAVE_TYPEOF 1
| #define STDC_HEADERS 1
| #define HAVE_SYS_TYPES_H 1
| #define HAVE_SYS_STAT_H 1
| #define HAVE_STDLIB_H 1
| #define HAVE_STRING_H 1
| #define HAVE_MEMORY_H 1
| #define HAVE_STRINGS_H 1
| #define HAVE_INTTYPES_H 1
| #define HAVE_STDINT_H 1
| #define HAVE_UNISTD_H 1
| #define HAVE__BOOL 1
| #define HAVE_STDBOOL_H 1
| #define HAVE_STRINGS_H 1
| #define HAVE_DLFCN_H 1
| #define LT_OBJDIR ".libs/"
| /* end confdefs.h.  */
| 
| #include <unistd.h>
| #include <sys/syscall.h>
| int syscall () { return 0; }
| 
| int
| main ()
| {
| 
|   ;
|   return 0;
| }
configure:17418: result: yes
configure:17421: checking for SYS_gettid
configure:17441: gcc -c   conftest.c >&5
configure:17441: $? = 0
configure:17448: result: yes
configure:17459: checking for snprintf
configure:17459: gcc -o conftest    conftest.c  >&5
conftest.c:48:6: warning: conflicting types for built-in function 'snprintf' [enabled by default]
 char snprintf ();
      ^
configure:17459: $? = 0
configure:17459: result: yes
configure:17469: checking for struct timespec
configure:17469: gcc -c   conftest.c >&5
configure:17469: $? = 0
configure:17469: gcc -c   conftest.c >&5
conftest.c: In function 'main':
conftest.c:30:30: error: expected expression before ')' token
 if (sizeof ((struct timespec)))
                              ^
configure:17469: $? = 1
configure: failed program was:
| /* confdefs.h */
| #define PACKAGE_NAME "libbson"
| #define PACKAGE_TARNAME "libbson"
| #define PACKAGE_VERSION "1.7.0"
| #define PACKAGE_STRING "libbson 1.7.0"
| #define PACKAGE_BUGREPORT "https://jira.mongodb.org/browse/CDRIVER"
| #define PACKAGE_URL ""
| #define HAVE_TYPEOF 1
| #define STDC_HEADERS 1
| #define HAVE_SYS_TYPES_H 1
| #define HAVE_SYS_STAT_H 1
| #define HAVE_STDLIB_H 1
| #define HAVE_STRING_H 1
| #define HAVE_MEMORY_H 1
| #define HAVE_STRINGS_H 1
| #define HAVE_INTTYPES_H 1
| #define HAVE_STDINT_H 1
| #define HAVE_UNISTD_H 1
| #define HAVE__BOOL 1
| #define HAVE_STDBOOL_H 1
| #define HAVE_STRINGS_H 1
| #define HAVE_DLFCN_H 1
| #define LT_OBJDIR ".libs/"
| /* end confdefs.h.  */
| #include <time.h>
| 
| int
| main ()
| {
| if (sizeof ((struct timespec)))
| 	    return 0;
|   ;
|   return 0;
| }
configure:17469: result: yes
configure:17480: checking for library containing clock_gettime
configure:17511: gcc -o conftest    conftest.c  >&5
configure:17511: $? = 0
configure:17528: result: none required
configure:17538: checking for library containing floor
configure:17569: gcc -o conftest    conftest.c  >&5
conftest.c:32:6: warning: conflicting types for built-in function 'floor' [enabled by default]
 char floor ();
      ^
/tmp/ccrK2Hdf.o: In function `main':
conftest.c:(.text+0xa): undefined reference to `floor'
collect2: error: ld returned 1 exit status
configure:17569: $? = 1
configure: failed program was:
| /* confdefs.h */
| #define PACKAGE_NAME "libbson"
| #define PACKAGE_TARNAME "libbson"
| #define PACKAGE_VERSION "1.7.0"
| #define PACKAGE_STRING "libbson 1.7.0"
| #define PACKAGE_BUGREPORT "https://jira.mongodb.org/browse/CDRIVER"
| #define PACKAGE_URL ""
| #define HAVE_TYPEOF 1
| #define STDC_HEADERS 1
| #define HAVE_SYS_TYPES_H 1
| #define HAVE_SYS_STAT_H 1
| #define HAVE_STDLIB_H 1
| #define HAVE_STRING_H 1
| #define HAVE_MEMORY_H 1
| #define HAVE_STRINGS_H 1
| #define HAVE_INTTYPES_H 1
| #define HAVE_STDINT_H 1
| #define HAVE_UNISTD_H 1
| #define HAVE__BOOL 1
| #define HAVE_STDBOOL_H 1
| #define HAVE_STRINGS_H 1
| #define HAVE_DLFCN_H 1
| #define LT_OBJDIR ".libs/"
| /* end confdefs.h.  */
| 
| /* Override any GCC internal prototype to avoid an error.
|    Use char because int might match the return type of a GCC
|    builtin and then its argument prototype would still apply.  */
| #ifdef __cplusplus
| extern "C"
| #endif
| char floor ();
| int
| main ()
| {
| return floor ();
|   ;
|   return 0;
| }
configure:17569: gcc -o conftest    conftest.c -lm   >&5
conftest.c:32:6: warning: conflicting types for built-in function 'floor' [enabled by default]
 char floor ();
      ^
configure:17569: $? = 0
configure:17586: result: -lm
configure:17598: checking for gmtime_r
configure:17598: gcc -o conftest    conftest.c -lm  >&5
configure:17598: $? = 0
configure:17598: result: yes
configure:17722: checking if compiler needs -Werror to reject unknown flags
configure:17738: gcc -c  -Werror -Wunknown-warning-option -Wsizeof-array-argument  conftest.c >&5
gcc: error: unrecognized command line option '-Wunknown-warning-option'
gcc: error: unrecognized command line option '-Wsizeof-array-argument'
configure:17738: $? = 1
configure: failed program was:
| /* confdefs.h */
| #define PACKAGE_NAME "libbson"
| #define PACKAGE_TARNAME "libbson"
| #define PACKAGE_VERSION "1.7.0"
| #define PACKAGE_STRING "libbson 1.7.0"
| #define PACKAGE_BUGREPORT "https://jira.mongodb.org/browse/CDRIVER"
| #define PACKAGE_URL ""
| #define HAVE_TYPEOF 1
| #define STDC_HEADERS 1
| #define HAVE_SYS_TYPES_H 1
| #define HAVE_SYS_STAT_H 1
| #define HAVE_STDLIB_H 1
| #define HAVE_STRING_H 1
| #define HAVE_MEMORY_H 1
| #define HAVE_STRINGS_H 1
| #define HAVE_INTTYPES_H 1
| #define HAVE_STDINT_H 1
| #define HAVE_UNISTD_H 1
| #define HAVE__BOOL 1
| #define HAVE_STDBOOL_H 1
| #define HAVE_STRINGS_H 1
| #define HAVE_DLFCN_H 1
| #define LT_OBJDIR ".libs/"
| /* end confdefs.h.  */
| int foo(void);
| int
| main ()
| {
| foo()
|   ;
|   return 0;
| }
configure:17743: result: no
configure:17809: checking for the pthreads library -lpthreads
configure:17847: gcc -o conftest      conftest.c -lpthreads -lm  >&5
/usr/bin/ld: cannot find -lpthreads
collect2: error: ld returned 1 exit status
configure:17847: $? = 1
configure: failed program was:
| /* confdefs.h */
| #define PACKAGE_NAME "libbson"
| #define PACKAGE_TARNAME "libbson"
| #define PACKAGE_VERSION "1.7.0"
| #define PACKAGE_STRING "libbson 1.7.0"
| #define PACKAGE_BUGREPORT "https://jira.mongodb.org/browse/CDRIVER"
| #define PACKAGE_URL ""
| #define HAVE_TYPEOF 1
| #define STDC_HEADERS 1
| #define HAVE_SYS_TYPES_H 1
| #define HAVE_SYS_STAT_H 1
| #define HAVE_STDLIB_H 1
| #define HAVE_STRING_H 1
| #define HAVE_MEMORY_H 1
| #define HAVE_STRINGS_H 1
| #define HAVE_INTTYPES_H 1
| #define HAVE_STDINT_H 1
| #define HAVE_UNISTD_H 1
| #define HAVE__BOOL 1
| #define HAVE_STDBOOL_H 1
| #define HAVE_STRINGS_H 1
| #define HAVE_DLFCN_H 1
| #define LT_OBJDIR ".libs/"
| /* end confdefs.h.  */
| #include <pthread.h>
|                         static void routine(void *a) { a = 0; }
|                         static void *start_routine(void *a) { return a; }
| int
| main ()
| {
| pthread_t th; pthread_attr_t attr;
|                         pthread_create(&th, 0, start_routine, 0);
|                         pthread_join(th, 0);
|                         pthread_attr_init(&attr);
|                         pthread_cleanup_push(routine, 0);
|                         pthread_cleanup_pop(0) /* ; */
|   ;
|   return 0;
| }
configure:17856: result: no
configure:17754: checking whether pthreads work without any flags
configure:17847: gcc -o conftest      conftest.c  -lm  >&5
/tmp/ccgx0tTh.o: In function `main':
conftest.c:(.text+0x42): undefined reference to `pthread_create'
conftest.c:(.text+0x53): undefined reference to `pthread_join'
conftest.c:(.text+0xbb): undefined reference to `__pthread_register_cancel'
conftest.c:(.text+0xca): undefined reference to `__pthread_unregister_cancel'
collect2: error: ld returned 1 exit status
configure:17847: $? = 1
configure: failed program was:
| /* confdefs.h */
| #define PACKAGE_NAME "libbson"
| #define PACKAGE_TARNAME "libbson"
| #define PACKAGE_VERSION "1.7.0"
| #define PACKAGE_STRING "libbson 1.7.0"
| #define PACKAGE_BUGREPORT "https://jira.mongodb.org/browse/CDRIVER"
| #define PACKAGE_URL ""
| #define HAVE_TYPEOF 1
| #define STDC_HEADERS 1
| #define HAVE_SYS_TYPES_H 1
| #define HAVE_SYS_STAT_H 1
| #define HAVE_STDLIB_H 1
| #define HAVE_STRING_H 1
| #define HAVE_MEMORY_H 1
| #define HAVE_STRINGS_H 1
| #define HAVE_INTTYPES_H 1
| #define HAVE_STDINT_H 1
| #define HAVE_UNISTD_H 1
| #define HAVE__BOOL 1
| #define HAVE_STDBOOL_H 1
| #define HAVE_STRINGS_H 1
| #define HAVE_DLFCN_H 1
| #define LT_OBJDIR ".libs/"
| /* end confdefs.h.  */
| #include <pthread.h>
|                         static void routine(void *a) { a = 0; }
|                         static void *start_routine(void *a) { return a; }
| int
| main ()
| {
| pthread_t th; pthread_attr_t attr;
|                         pthread_create(&th, 0, start_routine, 0);
|                         pthread_join(th, 0);
|                         pthread_attr_init(&attr);
|                         pthread_cleanup_push(routine, 0);
|                         pthread_cleanup_pop(0) /* ; */
|   ;
|   return 0;
| }
configure:17856: result: no
configure:17759: checking whether pthreads work with -Kthread
configure:17847: gcc -o conftest  -Kthread    conftest.c  -lm  >&5
gcc: error: unrecognized command line option '-Kthread'
configure:17847: $? = 1
configure: failed program was:
| /* confdefs.h */
| #define PACKAGE_NAME "libbson"
| #define PACKAGE_TARNAME "libbson"
| #define PACKAGE_VERSION "1.7.0"
| #define PACKAGE_STRING "libbson 1.7.0"
| #define PACKAGE_BUGREPORT "https://jira.mongodb.org/browse/CDRIVER"
| #define PACKAGE_URL ""
| #define HAVE_TYPEOF 1
| #define STDC_HEADERS 1
| #define HAVE_SYS_TYPES_H 1
| #define HAVE_SYS_STAT_H 1
| #define HAVE_STDLIB_H 1
| #define HAVE_STRING_H 1
| #define HAVE_MEMORY_H 1
| #define HAVE_STRINGS_H 1
| #define HAVE_INTTYPES_H 1
| #define HAVE_STDINT_H 1
| #define HAVE_UNISTD_H 1
| #define HAVE__BOOL 1
| #define HAVE_STDBOOL_H 1
| #define HAVE_STRINGS_H 1
| #define HAVE_DLFCN_H 1
| #define LT_OBJDIR ".libs/"
| /* end confdefs.h.  */
| #include <pthread.h>
|                         static void routine(void *a) { a = 0; }
|                         static void *start_routine(void *a) { return a; }
| int
| main ()
| {
| pthread_t th; pthread_attr_t attr;
|                         pthread_create(&th, 0, start_routine, 0);
|                         pthread_join(th, 0);
|                         pthread_attr_init(&attr);
|                         pthread_cleanup_push(routine, 0);
|                         pthread_cleanup_pop(0) /* ; */
|   ;
|   return 0;
| }
configure:17856: result: no
configure:17759: checking whether pthreads work with -kthread
configure:17847: gcc -o conftest  -kthread    conftest.c  -lm  >&5
gcc: error: unrecognized command line option '-kthread'
configure:17847: $? = 1
configure: failed program was:
| /* confdefs.h */
| #define PACKAGE_NAME "libbson"
| #define PACKAGE_TARNAME "libbson"
| #define PACKAGE_VERSION "1.7.0"
| #define PACKAGE_STRING "libbson 1.7.0"
| #define PACKAGE_BUGREPORT "https://jira.mongodb.org/browse/CDRIVER"
| #define PACKAGE_URL ""
| #define HAVE_TYPEOF 1
| #define STDC_HEADERS 1
| #define HAVE_SYS_TYPES_H 1
| #define HAVE_SYS_STAT_H 1
| #define HAVE_STDLIB_H 1
| #define HAVE_STRING_H 1
| #define HAVE_MEMORY_H 1
| #define HAVE_STRINGS_H 1
| #define HAVE_INTTYPES_H 1
| #define HAVE_STDINT_H 1
| #define HAVE_UNISTD_H 1
| #define HAVE__BOOL 1
| #define HAVE_STDBOOL_H 1
| #define HAVE_STRINGS_H 1
| #define HAVE_DLFCN_H 1
| #define LT_OBJDIR ".libs/"
| /* end confdefs.h.  */
| #include <pthread.h>
|                         static void routine(void *a) { a = 0; }
|                         static void *start_routine(void *a) { return a; }
| int
| main ()
| {
| pthread_t th; pthread_attr_t attr;
|                         pthread_create(&th, 0, start_routine, 0);
|                         pthread_join(th, 0);
|                         pthread_attr_init(&attr);
|                         pthread_cleanup_push(routine, 0);
|                         pthread_cleanup_pop(0) /* ; */
|   ;
|   return 0;
| }
configure:17856: result: no
configure:17809: checking for the pthreads library -llthread
configure:17847: gcc -o conftest      conftest.c -llthread -lm  >&5
/usr/bin/ld: cannot find -llthread
collect2: error: ld returned 1 exit status
configure:17847: $? = 1
configure: failed program was:
| /* confdefs.h */
| #define PACKAGE_NAME "libbson"
| #define PACKAGE_TARNAME "libbson"
| #define PACKAGE_VERSION "1.7.0"
| #define PACKAGE_STRING "libbson 1.7.0"
| #define PACKAGE_BUGREPORT "https://jira.mongodb.org/browse/CDRIVER"
| #define PACKAGE_URL ""
| #define HAVE_TYPEOF 1
| #define STDC_HEADERS 1
| #define HAVE_SYS_TYPES_H 1
| #define HAVE_SYS_STAT_H 1
| #define HAVE_STDLIB_H 1
| #define HAVE_STRING_H 1
| #define HAVE_MEMORY_H 1
| #define HAVE_STRINGS_H 1
| #define HAVE_INTTYPES_H 1
| #define HAVE_STDINT_H 1
| #define HAVE_UNISTD_H 1
| #define HAVE__BOOL 1
| #define HAVE_STDBOOL_H 1
| #define HAVE_STRINGS_H 1
| #define HAVE_DLFCN_H 1
| #define LT_OBJDIR ".libs/"
| /* end confdefs.h.  */
| #include <pthread.h>
|                         static void routine(void *a) { a = 0; }
|                         static void *start_routine(void *a) { return a; }
| int
| main ()
| {
| pthread_t th; pthread_attr_t attr;
|                         pthread_create(&th, 0, start_routine, 0);
|                         pthread_join(th, 0);
|                         pthread_attr_init(&attr);
|                         pthread_cleanup_push(routine, 0);
|                         pthread_cleanup_pop(0) /* ; */
|   ;
|   return 0;
| }
configure:17856: result: no
configure:17759: checking whether pthreads work with -pthread
configure:17847: gcc -o conftest  -pthread    conftest.c  -lm  >&5
configure:17847: $? = 0
configure:17856: result: yes
configure:17875: checking for joinable pthread attribute
configure:17890: gcc -o conftest  -pthread   conftest.c  -lm  >&5
configure:17890: $? = 0
configure:17896: result: PTHREAD_CREATE_JOINABLE
configure:17906: checking if more special flags are required for pthreads
configure:17921: result: no
configure:17927: checking for PTHREAD_PRIO_INHERIT
configure:17944: gcc -o conftest  -pthread   conftest.c  -lm  >&5
configure:17944: $? = 0
configure:17953: result: yes
configure:18067: checking whether PTHREAD_ONCE_INIT needs braces
configure:18084: gcc -c   conftest.c >&5
configure:18084: $? = 0
configure:18091: result: no
configure:18115: checking for __sync_add_and_fetch_4
configure:18128: gcc -o conftest    conftest.c -lm  >&5
configure:18128: $? = 0
configure:18129: result: yes
configure:18147: checking for __sync_add_and_fetch_8
configure:18160: gcc -o conftest    conftest.c -lm  >&5
configure:18160: $? = 0
configure:18161: result: yes
configure:19043: checking whether build environment is sane
configure:19098: result: yes
configure:19246: checking for a thread-safe mkdir -p
configure:19285: result: /usr/bin/mkdir -p
configure:19288: checking whether make sets $(MAKE)
configure:19310: result: yes
configure:19340: checking for style of include used by make
configure:19368: result: GNU
configure:19402: checking whether make supports nested variables
configure:19419: result: yes
configure:19508: checking whether UID '0' is supported by ustar format
configure:19511: result: yes
configure:19518: checking whether GID '0' is supported by ustar format
configure:19521: result: yes
configure:19529: checking how to create a ustar tar archive
configure:19540: tar --version
tar (GNU tar) 1.26
Copyright (C) 2011 Free Software Foundation, Inc.
License GPLv3+: GNU GPL version 3 or later <http://gnu.org/licenses/gpl.html>.
This is free software: you are free to change and redistribute it.
There is NO WARRANTY, to the extent permitted by law.

Written by John Gilmore and Jay Fenlason.
configure:19543: $? = 0
configure:19583: tardir=conftest.dir && eval tar --format=ustar -chf - "$tardir" >conftest.tar
configure:19586: $? = 0
configure:19590: tar -xf - <conftest.tar
configure:19593: $? = 0
configure:19595: cat conftest.dir/file
GrepMe
configure:19598: $? = 0
configure:19611: result: gnutar
configure:19620: checking dependency style of gcc
configure:19731: result: gcc3
configure:19748: checking dependency style of g++
configure:19859: result: gcc3
configure:19928: checking whether make supports nested variables
configure:19945: result: yes
configure:20270: checking that generated files are newer than configure
configure:20276: result: done
configure:20367: creating ./config.status

## ---------------------- ##
## Running config.status. ##
## ---------------------- ##

This file was extended by libbson config.status 1.7.0, which was
generated by GNU Autoconf 2.69.  Invocation command line was

  CONFIG_FILES    = 
  CONFIG_HEADERS  = 
  CONFIG_LINKS    = 
  CONFIG_COMMANDS = 
  $ ./config.status 

on localhost.localdomain

config.status:1158: creating Makefile
config.status:1158: creating src/libbson-1.0.pc
config.status:1158: creating src/libbson-static-1.0.pc
config.status:1158: creating build/cmake/libbson-1.0-config.cmake
config.status:1158: creating build/cmake/libbson-1.0-config-version.cmake
config.status:1158: creating build/cmake/libbson-static-1.0-config.cmake
config.status:1158: creating build/cmake/libbson-static-1.0-config-version.cmake
config.status:1158: creating src/bson/bson-config.h
config.status:1158: creating src/bson/bson-version.h
config.status:1330: executing libtool commands
config.status:1330: executing depfiles commands

## ---------------- ##
## Cache variables. ##
## ---------------- ##

ac_cv_build=x86_64-pc-linux-gnu
ac_cv_c_bigendian=no
ac_cv_c_compiler_gnu=yes
ac_cv_c_const=yes
ac_cv_c_inline=inline
ac_cv_c_typeof=typeof
ac_cv_cxx_compiler_gnu=yes
ac_cv_env_CCC_set=
ac_cv_env_CCC_value=
ac_cv_env_CC_set=
ac_cv_env_CC_value=
ac_cv_env_CFLAGS_set=
ac_cv_env_CFLAGS_value=
ac_cv_env_CPPFLAGS_set=
ac_cv_env_CPPFLAGS_value=
ac_cv_env_CPP_set=
ac_cv_env_CPP_value=
ac_cv_env_CXXCPP_set=
ac_cv_env_CXXCPP_value=
ac_cv_env_CXXFLAGS_set=
ac_cv_env_CXXFLAGS_value=
ac_cv_env_CXX_set=
ac_cv_env_CXX_value=
ac_cv_env_LDFLAGS_set=
ac_cv_env_LDFLAGS_value=
ac_cv_env_LIBS_set=
ac_cv_env_LIBS_value=
ac_cv_env_LT_SYS_LIBRARY_PATH_set=
ac_cv_env_LT_SYS_LIBRARY_PATH_value=
ac_cv_env_build_alias_set=
ac_cv_env_build_alias_value=
ac_cv_env_host_alias_set=
ac_cv_env_host_alias_value=
ac_cv_env_target_alias_set=
ac_cv_env_target_alias_value=
ac_cv_func_gmtime_r=yes
ac_cv_func_snprintf=yes
ac_cv_header_dlfcn_h=yes
ac_cv_header_inttypes_h=yes
ac_cv_header_memory_h=yes
ac_cv_header_stdbool_h=yes
ac_cv_header_stdc=yes
ac_cv_header_stdint=stdint.h
ac_cv_header_stdint_h=yes
ac_cv_header_stdint_o=no-file
ac_cv_header_stdint_test=no
ac_cv_header_stdint_u=no-file
ac_cv_header_stdint_x=stdint.h
ac_cv_header_stdlib_h=yes
ac_cv_header_string_h=yes
ac_cv_header_strings_h=yes
ac_cv_header_sys_stat_h=yes
ac_cv_header_sys_types_h=yes
ac_cv_header_unistd_h=yes
ac_cv_host=x86_64-pc-linux-gnu
ac_cv_objext=o
ac_cv_path_EGREP='/usr/bin/grep -E'
ac_cv_path_FGREP='/usr/bin/grep -F'
ac_cv_path_GREP=/usr/bin/grep
ac_cv_path_MV=/usr/bin/mv
ac_cv_path_PERL=/usr/bin/perl
ac_cv_path_SED=/usr/bin/sed
ac_cv_path_install='/usr/bin/install -c'
ac_cv_path_lt_DD=/usr/bin/dd
ac_cv_path_mkdir=/usr/bin/mkdir
ac_cv_prog_AWK=gawk
ac_cv_prog_CPP='gcc -E'
ac_cv_prog_CXXCPP='g++ -E'
ac_cv_prog_ac_ct_AR=ar
ac_cv_prog_ac_ct_CC=gcc
ac_cv_prog_ac_ct_CXX=g++
ac_cv_prog_ac_ct_DLLTOOL=dlltool
ac_cv_prog_ac_ct_OBJDUMP=objdump
ac_cv_prog_ac_ct_RANLIB=ranlib
ac_cv_prog_ac_ct_STRIP=strip
ac_cv_prog_cc_c89=
ac_cv_prog_cc_g=yes
ac_cv_prog_cxx_g=yes
ac_cv_prog_make_make_set=yes
ac_cv_search_clock_gettime='none required'
ac_cv_search_floor=-lm
ac_cv_sizeof_X=::::
ac_cv_sizeof_x=:
ac_cv_target=x86_64-pc-linux-gnu
ac_cv_type__Bool=yes
ac_cv_type_int_fast32_t=yes
ac_cv_type_int_least32_t=yes
ac_cv_type_struct_timespec=yes
ac_cv_type_uint64_t=yes
ac_cv_type_uintptr_t=yes
am_cv_CC_dependencies_compiler_type=gcc3
am_cv_CXX_dependencies_compiler_type=gcc3
am_cv_make_support_nested_variables=yes
am_cv_prog_cc_c_o=yes
am_cv_prog_tar_ustar=gnutar
ax_cv_PTHREAD_PRIO_INHERIT=yes
bson_cv_have_reallocf=no
bson_cv_have_strnlen=yes
bson_cv_have_sys_gettid_tid=yes
bson_cv_have_syscall_tid=yes
bson_cv_need_braces_on_pthread_once_init=no
lt_cv_ar_at_file=@
lt_cv_archive_cmds_need_lc=no
lt_cv_deplibs_check_method=pass_all
lt_cv_file_magic_cmd='$MAGIC_CMD'
lt_cv_file_magic_test_file=
lt_cv_ld_reload_flag=-r
lt_cv_nm_interface='BSD nm'
lt_cv_objdir=.libs
lt_cv_path_LD=/usr/bin/ld
lt_cv_path_LDCXX='/usr/bin/ld -m elf_x86_64'
lt_cv_path_NM='/usr/bin/nm -B'
lt_cv_path_mainfest_tool=no
lt_cv_prog_compiler_c_o=yes
lt_cv_prog_compiler_c_o_CXX=yes
lt_cv_prog_compiler_pic='-fPIC -DPIC'
lt_cv_prog_compiler_pic_CXX='-fPIC -DPIC'
lt_cv_prog_compiler_pic_works=yes
lt_cv_prog_compiler_pic_works_CXX=yes
lt_cv_prog_compiler_rtti_exceptions=no
lt_cv_prog_compiler_static_works=no
lt_cv_prog_compiler_static_works_CXX=no
lt_cv_prog_gnu_ld=yes
lt_cv_prog_gnu_ldcxx=yes
lt_cv_sharedlib_from_linklib_cmd='printf %s\n'
lt_cv_shlibpath_overrides_runpath=no
lt_cv_sys_global_symbol_pipe='sed -n -e '\''s/^.*[	 ]\([ABCDGIRSTW][ABCDGIRSTW]*\)[	 ][	 ]*\([_A-Za-z][_A-Za-z0-9]*\)$/\1 \2 \2/p'\'' | sed '\''/ __gnu_lto/d'\'''
lt_cv_sys_global_symbol_to_c_name_address='sed -n -e '\''s/^: \(.*\) .*$/  {"\1", (void *) 0},/p'\'' -e '\''s/^[ABCDGIRSTW][ABCDGIRSTW]* .* \(.*\)$/  {"\1", (void *) \&\1},/p'\'''
lt_cv_sys_global_symbol_to_c_name_address_lib_prefix='sed -n -e '\''s/^: \(.*\) .*$/  {"\1", (void *) 0},/p'\'' -e '\''s/^[ABCDGIRSTW][ABCDGIRSTW]* .* \(lib.*\)$/  {"\1", (void *) \&\1},/p'\'' -e '\''s/^[ABCDGIRSTW][ABCDGIRSTW]* .* \(.*\)$/  {"lib\1", (void *) \&\1},/p'\'''
lt_cv_sys_global_symbol_to_cdecl='sed -n -e '\''s/^T .* \(.*\)$/extern int \1();/p'\'' -e '\''s/^[ABCDGIRSTW][ABCDGIRSTW]* .* \(.*\)$/extern char \1;/p'\'''
lt_cv_sys_global_symbol_to_import=
lt_cv_sys_max_cmd_len=1572864
lt_cv_to_host_file_cmd=func_convert_file_noop
lt_cv_to_tool_file_cmd=func_convert_file_noop
lt_cv_truncate_bin='/usr/bin/dd bs=4096 count=1'

## ----------------- ##
## Output variables. ##
## ----------------- ##

ACLOCAL='${SHELL} /home/syz/Downloads/mongo-c-driver-1.7.0/src/libbson/build/autotools/missing aclocal-1.15'
ACLOCAL_AMFLAGS='-I build/autotools'
AMDEPBACKSLASH='\'
AMDEP_FALSE='#'
AMDEP_TRUE=''
AMTAR='$${TAR-tar}'
AM_BACKSLASH='\'
AM_DEFAULT_V='$(AM_DEFAULT_VERBOSITY)'
AM_DEFAULT_VERBOSITY='0'
AM_V='$(V)'
AR='ar'
AS='as'
AUTOCONF='${SHELL} /home/syz/Downloads/mongo-c-driver-1.7.0/src/libbson/build/autotools/missing autoconf'
AUTOHEADER='${SHELL} /home/syz/Downloads/mongo-c-driver-1.7.0/src/libbson/build/autotools/missing autoheader'
AUTOMAKE='${SHELL} /home/syz/Downloads/mongo-c-driver-1.7.0/src/libbson/build/autotools/missing automake-1.15'
AWK='gawk'
BSON_API_VERSION='1.0'
BSON_BYTE_ORDER='1234'
BSON_EXTRA_ALIGN='1'
BSON_HAVE_ATOMIC_32_ADD_AND_FETCH='1'
BSON_HAVE_ATOMIC_64_ADD_AND_FETCH='1'
BSON_HAVE_CLOCK_GETTIME='1'
BSON_HAVE_GMTIME_R='1'
BSON_HAVE_REALLOCF='0'
BSON_HAVE_SNPRINTF='1'
BSON_HAVE_STDBOOL_H='1'
BSON_HAVE_STRNLEN='1'
BSON_HAVE_SYSCALL_TID='1'
BSON_HAVE_TIMESPEC='1'
BSON_MAJOR_VERSION='1'
BSON_MICRO_VERSION='0'
BSON_MINOR_VERSION='7'
BSON_OS='1'
BSON_PRERELEASE_VERSION=''
BSON_PTHREAD_ONCE_INIT_NEEDS_BRACES='0'
BSON_RELEASED_MAJOR_VERSION='1'
BSON_RELEASED_MICRO_VERSION='0'
BSON_RELEASED_MINOR_VERSION='7'
BSON_RELEASED_PRERELEASE_VERSION=''
BSON_RELEASED_VERSION='1.7.0'
BSON_VERSION='1.7.0'
CC='gcc'
CCDEPMODE='depmode=gcc3'
CFLAGS=' -g'
COMPILER_CLANG_FALSE=''
COMPILER_CLANG_TRUE='#'
COMPILER_GCC_FALSE=''
COMPILER_GCC_TRUE='#'
COVERAGE_CFLAGS=''
COVERAGE_LDFLAGS=''
CPP='gcc -E'
CPPFLAGS=''
CXX='g++'
CXXCPP='g++ -E'
CXXDEPMODE='depmode=gcc3'
CXXFLAGS=''
CYGPATH_W='echo'
DEFS='-DPACKAGE_NAME=\"libbson\" -DPACKAGE_TARNAME=\"libbson\" -DPACKAGE_VERSION=\"1.7.0\" -DPACKAGE_STRING=\"libbson\ 1.7.0\" -DPACKAGE_BUGREPORT=\"https://jira.mongodb.org/browse/CDRIVER\" -DPACKAGE_URL=\"\" -DHAVE_TYPEOF=1 -DSTDC_HEADERS=1 -DHAVE_SYS_TYPES_H=1 -DHAVE_SYS_STAT_H=1 -DHAVE_STDLIB_H=1 -DHAVE_STRING_H=1 -DHAVE_MEMORY_H=1 -DHAVE_STRINGS_H=1 -DHAVE_INTTYPES_H=1 -DHAVE_STDINT_H=1 -DHAVE_UNISTD_H=1 -DHAVE__BOOL=1 -DHAVE_STDBOOL_H=1 -DHAVE_STRINGS_H=1 -DHAVE_DLFCN_H=1 -DLT_OBJDIR=\".libs/\" -DHAVE_PTHREAD_PRIO_INHERIT=1 -DHAVE_PTHREAD=1 -DPACKAGE=\"libbson\" -DVERSION=\"1.7.0\"'
DEPDIR='.deps'
DLLTOOL='dlltool'
DSYMUTIL=''
DUMPBIN=''
ECHO_C=''
ECHO_N='-n'
ECHO_T=''
EGREP='/usr/bin/grep -E'
ENABLE_DEBUG_FALSE='#'
ENABLE_DEBUG_TRUE=''
ENABLE_EXAMPLES_FALSE='#'
ENABLE_EXAMPLES_TRUE=''
ENABLE_HTML_DOCS_FALSE=''
ENABLE_HTML_DOCS_TRUE='#'
ENABLE_MAN_PAGES_FALSE=''
ENABLE_MAN_PAGES_TRUE='#'
ENABLE_PTHREADS_FALSE=''
ENABLE_PTHREADS_TRUE='#'
ENABLE_STATIC_FALSE='#'
ENABLE_STATIC_TRUE=''
ENABLE_STDBOOL_FALSE=''
ENABLE_STDBOOL_TRUE='#'
ENABLE_TESTS_FALSE='#'
ENABLE_TESTS_TRUE=''
EXEEXT=''
FGREP='/usr/bin/grep -F'
GREP='/usr/bin/grep'
INSTALL_DATA='${INSTALL} -m 644'
INSTALL_PROGRAM='${INSTALL}'
INSTALL_SCRIPT='${INSTALL}'
INSTALL_STRIP_PROGRAM='$(install_sh) -c -s'
LD='/usr/bin/ld -m elf_x86_64'
LDFLAGS=''
LIBBSON_LIBS='-lm    -pthread'
LIBC_FEATURES='-D_GNU_SOURCE'
LIBOBJS=''
LIBS='-lm    -pthread'
LIBTOOL='$(SHELL) $(top_builddir)/libtool'
LIPO=''
LN_S='ln -s'
LTLIBOBJS=''
LT_SYS_LIBRARY_PATH=''
MAINTAINER_CFLAGS=''
MAKEINFO='${SHELL} /home/syz/Downloads/mongo-c-driver-1.7.0/src/libbson/build/autotools/missing makeinfo'
MANIFEST_TOOL=':'
MKDIR_P='/usr/bin/mkdir -p'
MV='/usr/bin/mv'
NM='/usr/bin/nm -B'
NMEDIT=''
OBJDUMP='objdump'
OBJEXT='o'
OPTIMIZE_CFLAGS=''
OPTIMIZE_LDFLAGS=''
OS_DARWIN_FALSE=''
OS_DARWIN_TRUE='#'
OS_FREEBSD_FALSE=''
OS_FREEBSD_TRUE='#'
OS_GNU_FALSE='#'
OS_GNU_TRUE=''
OS_LINUX_FALSE='#'
OS_LINUX_TRUE=''
OS_UNIX_FALSE='#'
OS_UNIX_TRUE=''
OS_WIN32_FALSE=''
OS_WIN32_TRUE='#'
OTOOL64=''
OTOOL=''
PACKAGE='libbson'
PACKAGE_BUGREPORT='https://jira.mongodb.org/browse/CDRIVER'
PACKAGE_NAME='libbson'
PACKAGE_STRING='libbson 1.7.0'
PACKAGE_TARNAME='libbson'
PACKAGE_URL=''
PACKAGE_VERSION='1.7.0'
PATH_SEPARATOR=':'
PERL='/usr/bin/perl'
PTHREAD_CC='gcc'
PTHREAD_CFLAGS='-pthread'
PTHREAD_LIBS=''
RANLIB='ranlib'
SED='/usr/bin/sed'
SET_MAKE=''
SHELL='/bin/sh'
SOCKET_CFLAGS=''
SOCKET_LDFLAGS=''
SPHINX_BUILD=''
STRIP='strip'
VERSION='1.7.0'
ac_ct_AR='ar'
ac_ct_CC='gcc'
ac_ct_CXX='g++'
ac_ct_DUMPBIN=''
am__EXEEXT_FALSE=''
am__EXEEXT_TRUE='#'
am__fastdepCC_FALSE='#'
am__fastdepCC_TRUE=''
am__fastdepCXX_FALSE='#'
am__fastdepCXX_TRUE=''
am__include='include'
am__isrc=''
am__leading_dot='.'
am__nodep='_no'
am__quote=''
am__tar='tar --format=ustar -chf - "$$tardir"'
am__untar='tar -xf -'
ax_pthread_config=''
bindir='${exec_prefix}/bin'
build='x86_64-pc-linux-gnu'
build_alias=''
build_cpu='x86_64'
build_os='linux-gnu'
build_vendor='pc'
datadir='${datarootdir}'
datarootdir='${prefix}/share'
docdir='${datarootdir}/doc/${PACKAGE_TARNAME}'
dvidir='${docdir}'
exec_prefix='${prefix}'
host='x86_64-pc-linux-gnu'
host_alias=''
host_cpu='x86_64'
host_os='linux-gnu'
host_vendor='pc'
htmldir='${docdir}'
includedir='${prefix}/include'
infodir='${datarootdir}/info'
install_sh='${SHELL} /home/syz/Downloads/mongo-c-driver-1.7.0/src/libbson/build/autotools/install-sh'
libdir='${exec_prefix}/lib'
libexecdir='${exec_prefix}/libexec'
localedir='${datarootdir}/locale'
localstatedir='${prefix}/var'
mandir='${datarootdir}/man'
mkdir_p='$(MKDIR_P)'
oldincludedir='/usr/include'
pdfdir='${docdir}'
prefix='/home/syz/Downloads/c-install/debug'
program_transform_name='s,x,x,'
psdir='${docdir}'
runstatedir='${localstatedir}/run'
sbindir='${exec_prefix}/sbin'
sharedstatedir='${prefix}/com'
sysconfdir='${prefix}/etc'
target='x86_64-pc-linux-gnu'
target_alias=''
target_cpu='x86_64'
target_os='linux-gnu'
target_vendor='pc'

## ----------- ##
## confdefs.h. ##
## ----------- ##

/* confdefs.h */
#define PACKAGE_NAME "libbson"
#define PACKAGE_TARNAME "libbson"
#define PACKAGE_VERSION "1.7.0"
#define PACKAGE_STRING "libbson 1.7.0"
#define PACKAGE_BUGREPORT "https://jira.mongodb.org/browse/CDRIVER"
#define PACKAGE_URL ""
#define HAVE_TYPEOF 1
#define STDC_HEADERS 1
#define HAVE_SYS_TYPES_H 1
#define HAVE_SYS_STAT_H 1
#define HAVE_STDLIB_H 1
#define HAVE_STRING_H 1
#define HAVE_MEMORY_H 1
#define HAVE_STRINGS_H 1
#define HAVE_INTTYPES_H 1
#define HAVE_STDINT_H 1
#define HAVE_UNISTD_H 1
#define HAVE__BOOL 1
#define HAVE_STDBOOL_H 1
#define HAVE_STRINGS_H 1
#define HAVE_DLFCN_H 1
#define LT_OBJDIR ".libs/"
#define HAVE_PTHREAD_PRIO_INHERIT 1
#define HAVE_PTHREAD 1
#define PACKAGE "libbson"
#define VERSION "1.7.0"

configure: exit 0
