f:\mongodb\mongo313\mongo313\x64\debug\vc140.pdb
f:\mongodb\mongo313\mongo313\x64\debug\vc140.idb
f:\mongodb\mongo313\mongo313\x64\debug\afcmongoconfig.obj
f:\mongodb\mongo313\mongo313\x64\debug\afcmongodriver.obj
f:\mongodb\mongo313\mongo313\x64\debug\test.obj
f:\mongodb\mongo313\x64\debug\mongo313.pdb
f:\mongodb\mongo313\mongo313\x64\debug\mongo313.tlog\cl.command.1.tlog
f:\mongodb\mongo313\mongo313\x64\debug\mongo313.tlog\cl.read.1.tlog
f:\mongodb\mongo313\mongo313\x64\debug\mongo313.tlog\cl.write.1.tlog
f:\mongodb\mongo313\mongo313\x64\debug\mongo313.tlog\link-cvtres.read.1.tlog
f:\mongodb\mongo313\mongo313\x64\debug\mongo313.tlog\link-cvtres.write.1.tlog
f:\mongodb\mongo313\mongo313\x64\debug\mongo313.tlog\link-rc.read.1.tlog
f:\mongodb\mongo313\mongo313\x64\debug\mongo313.tlog\link-rc.write.1.tlog
f:\mongodb\mongo313\mongo313\x64\debug\mongo313.tlog\link.6816-cvtres.read.1.tlog
f:\mongodb\mongo313\mongo313\x64\debug\mongo313.tlog\link.6816-cvtres.write.1.tlog
f:\mongodb\mongo313\mongo313\x64\debug\mongo313.tlog\link.6816-rc.read.1.tlog
f:\mongodb\mongo313\mongo313\x64\debug\mongo313.tlog\link.6816-rc.write.1.tlog
f:\mongodb\mongo313\mongo313\x64\debug\mongo313.tlog\link.6816.read.1.tlog
f:\mongodb\mongo313\mongo313\x64\debug\mongo313.tlog\link.6816.write.1.tlog
f:\mongodb\mongo313\mongo313\x64\debug\mongo313.tlog\link.command.1.tlog
f:\mongodb\mongo313\mongo313\x64\debug\mongo313.tlog\link.read.1.tlog
f:\mongodb\mongo313\mongo313\x64\debug\mongo313.tlog\link.write.1.tlog
